{"level":"info","message":"Task Service is running on port 3003","service":"task-service","timestamp":"2026-05-15 13:48:34"}
{"level":"info","message":"[RabbitMQ] Đang chờ 10s cho RabbitMQ khởi động...","service":"task-service","timestamp":"2026-05-15 13:48:34"}
{"level":"info","message":"[RabbitMQ] Đang kết nối đến RabbitMQ...","service":"task-service","timestamp":"2026-05-15 13:48:44"}
{"level":"info","message":"[RabbitMQ] Task Service đang lắng nghe key 'order.revision_requested' trên queue 'task_service_queue'...","service":"task-service","timestamp":"2026-05-15 13:48:44"}
{"level":"info","message":"Task Service is running on port 3003","service":"task-service","timestamp":"2026-05-16 04:29:52"}
{"level":"info","message":"[RabbitMQ] Đang chờ 10s cho RabbitMQ khởi động...","service":"task-service","timestamp":"2026-05-16 04:29:52"}
{"level":"info","message":"[RabbitMQ] Đang kết nối đến RabbitMQ...","service":"task-service","timestamp":"2026-05-16 04:30:02"}
{"level":"info","message":"[RabbitMQ] Task Service đang lắng nghe key 'order.revision_requested' trên queue 'task_service_queue'...","service":"task-service","timestamp":"2026-05-16 04:30:02"}
{"level":"info","message":"Task Service is running on port 3003","service":"task-service","timestamp":"2026-05-16 04:58:40"}
{"level":"info","message":"[RabbitMQ] Đang chờ 10s cho RabbitMQ khởi động...","service":"task-service","timestamp":"2026-05-16 04:58:40"}
{"level":"info","message":"[RabbitMQ] Đang kết nối đến RabbitMQ...","service":"task-service","timestamp":"2026-05-16 04:58:50"}
{"level":"info","message":"[RabbitMQ] Task Service đang lắng nghe key 'order.revision_requested' trên queue 'task_service_queue'...","service":"task-service","timestamp":"2026-05-16 04:58:50"}
{"level":"info","message":"Task Service is running on port 3003","service":"task-service","timestamp":"2026-05-16 05:31:13"}
{"level":"info","message":"[RabbitMQ] Đang chờ 10s cho RabbitMQ khởi động...","service":"task-service","timestamp":"2026-05-16 05:31:13"}
{"level":"info","message":"[RabbitMQ] Đang kết nối đến RabbitMQ...","service":"task-service","timestamp":"2026-05-16 05:31:23"}
{"level":"info","message":"[RabbitMQ] Task Service đang lắng nghe key 'order.revision_requested' trên queue 'task_service_queue'...","service":"task-service","timestamp":"2026-05-16 05:31:23"}
{"level":"info","message":"Task Service is running on port 3003","service":"task-service","timestamp":"2026-05-16 06:14:14"}
{"level":"info","message":"[RabbitMQ] Đang chờ 10s cho RabbitMQ khởi động...","service":"task-service","timestamp":"2026-05-16 06:14:14"}
{"level":"info","message":"[RabbitMQ] Đang kết nối đến RabbitMQ...","service":"task-service","timestamp":"2026-05-16 06:14:24"}
{"0":"c","1":"o","10":"O","11":"N","12":"N","13":"R","14":"E","15":"F","16":"U","17":"S","18":"E","19":"D","2":"n","20":" ","21":"1","22":"7","23":"2","24":".","25":"1","26":"8","27":".","28":"0","29":".","3":"n","30":"5","31":":","32":"5","33":"6","34":"7","35":"2","4":"e","5":"c","6":"t","7":" ","8":"E","9":"C","level":"error","message":"[RabbitMQ] Không thể kết nối hoặc lắng nghe:","service":"task-service","timestamp":"2026-05-16 06:14:24"}
{"level":"info","message":"[RabbitMQ] Đang chờ 10s cho RabbitMQ khởi động...","service":"task-service","timestamp":"2026-05-16 06:14:29"}
{"level":"info","message":"[RabbitMQ] Đang kết nối đến RabbitMQ...","service":"task-service","timestamp":"2026-05-16 06:14:39"}
{"level":"info","message":"[RabbitMQ] Task Service đang lắng nghe key 'order.revision_requested' trên queue 'task_service_queue'...","service":"task-service","timestamp":"2026-05-16 06:14:39"}
{"ip":"::ffff:172.18.0.11","level":"error","message":"Không tìm thấy task cho đơn hàng này.","method":"GET","service":"task-service","stack":"Error: Không tìm thấy task cho đơn hàng này.\n    at /app/index.js:144:15\n    at process.processTicksAndRejections (node:internal/process/task_queues:95:5)","timestamp":"2026-05-16 06:16:48","url":"/order/2"}
{"ip":"::ffff:172.18.0.11","level":"error","message":"Không tìm thấy task cho đơn hàng này.","method":"GET","service":"task-service","stack":"Error: Không tìm thấy task cho đơn hàng này.\n    at /app/index.js:144:15\n    at process.processTicksAndRejections (node:internal/process/task_queues:95:5)","timestamp":"2026-05-16 06:16:48","url":"/order/1"}
{"level":"info","message":"New task created for order #1, assigned to user #4","service":"task-service","timestamp":"2026-05-16 06:16:58"}
{"ip":"::ffff:172.18.0.11","level":"error","message":"Không tìm thấy task cho đơn hàng này.","method":"GET","service":"task-service","stack":"Error: Không tìm thấy task cho đơn hàng này.\n    at /app/index.js:144:15\n    at process.processTicksAndRejections (node:internal/process/task_queues:95:5)","timestamp":"2026-05-16 06:16:58","url":"/order/2"}
{"level":"info","message":"[Task Service] Notified Order Service to update order 1 to in_progress.","service":"task-service","timestamp":"2026-05-16 06:17:30"}
{"level":"info","message":"Task #1 status updated to in_progress","service":"task-service","timestamp":"2026-05-16 06:17:30"}
{"level":"info","message":"Task #1 status updated to done","service":"task-service","timestamp":"2026-05-16 06:17:41"}
